<?xml version="1.0" encoding="UTF-8"?>
<!-- Generated by org.testng.reporters.JUnitXMLReporter -->
<testsuite hostname="Nagendra-Yoga" ignored="0" name="Default test" tests="27" failures="0" timestamp="18 Aug 2021 15:50:33 GMT" time="169.565" errors="0">
  <testcase name="TC_verifyAddressBookPageTitle" time="0.094" classname="com.DollarDays.testCases.AddressBookPageTest"/>
  <testcase name="TC_verifyAddressBookPageHeading" time="0.049" classname="com.DollarDays.testCases.AddressBookPageTest"/>
  <testcase name="TC_verifyAddNewShipToAddressLinkDisplay" time="0.034" classname="com.DollarDays.testCases.AddressBookPageTest"/>
  <testcase name="TC_verifyAddressBookLeftPanelLinksDisplay" time="0.671" classname="com.DollarDays.testCases.AddressBookPageTest"/>
  <testcase name="TC_verifyAddressBookLinksNavigations" time="1.129" classname="com.DollarDays.testCases.AddressBookPageTest"/>
  <testcase name="TC_verifyAddressBookLinksNavigations" time="3.509" classname="com.DollarDays.testCases.AddressBookPageTest"/>
  <testcase name="TC_verifyAddressBookLinksNavigations" time="5.367" classname="com.DollarDays.testCases.AddressBookPageTest"/>
  <testcase name="TC_verifyAddressBookLinksNavigations" time="1.27" classname="com.DollarDays.testCases.AddressBookPageTest"/>
  <testcase name="TC_verifyAddressBookLinksNavigations" time="4.35" classname="com.DollarDays.testCases.AddressBookPageTest"/>
  <testcase name="TC_verifyAddressBookLinksNavigations" time="6.244" classname="com.DollarDays.testCases.AddressBookPageTest"/>
  <testcase name="TC_verifyAddressBookLinksNavigations" time="2.856" classname="com.DollarDays.testCases.AddressBookPageTest"/>
  <testcase name="TC_verifyAddressBookLinksNavigations" time="14.728" classname="com.DollarDays.testCases.AddressBookPageTest"/>
  <testcase name="TC_verifyAddNewShipToAddressLink" time="10.356" classname="com.DollarDays.testCases.AddressBookPageTest"/>
  <testcase name="TC_verifyEditLink" time="7.543" classname="com.DollarDays.testCases.AddressBookPageTest"/>
  <testcase name="TC_verifySetAsDefaultLink" time="6.331" classname="com.DollarDays.testCases.AddressBookPageTest"/>
  <testcase name="TC_verifyDeleteLinkNoBtn" time="2.46" classname="com.DollarDays.testCases.AddressBookPageTest"/>
  <testcase name="TC_verifyDeleteLinkYesBtn" time="62.4" classname="com.DollarDays.testCases.AddressBookPageTest"/>
  <testcase name="TC_verifyCountryDropdownIsAList" time="1.966" classname="com.DollarDays.testCases.AddressBookPageTest"/>
  <testcase name="TC_verifyCountryDropdownDefaultValue" time="1.628" classname="com.DollarDays.testCases.AddressBookPageTest"/>
  <testcase name="TC_verifyStateDropdownOptions" time="0.715" classname="com.DollarDays.testCases.AddressBookPageTest"/>
  <testcase name="TC_verifyReceivTypeWithShippingDock" time="1.875" classname="com.DollarDays.testCases.AddressBookPageTest"/>
  <testcase name="TC_verifyReceivTypeWithoutShippingDock" time="1.897" classname="com.DollarDays.testCases.AddressBookPageTest"/>
  <testcase name="TC_verifyMandatoryFieldsAlertMsgDisplay" time="3.14" classname="com.DollarDays.testCases.AddressBookPageTest"/>
  <testcase name="TC_verifyFirstNameTextboxMaxLength" time="0.323" classname="com.DollarDays.testCases.AddressBookPageTest"/>
  <testcase name="TC_verifyLastNameTextboxMaxlength" time="0.482" classname="com.DollarDays.testCases.AddressBookPageTest"/>
  <testcase name="TC_verifyStreetAddressTextbox" time="1.813" classname="com.DollarDays.testCases.AddressBookPageTest"/>
  <testcase name="TC_verifyAptStebldgTextbox" time="1.719" classname="com.DollarDays.testCases.AddressBookPageTest"/>
</testsuite> <!-- Default test -->
