<?xml version="1.0" encoding="UTF-8"?>
<!-- Generated by org.testng.reporters.JUnitXMLReporter -->
<testsuite hostname="Nagendra-Yoga" ignored="0" name="Validating User login datadriven" tests="6" failures="4" timestamp="13 Aug 2021 22:51:47 GMT" time="801.519" errors="0">
  <testcase name="@AfterClass teardown" time="0.017" classname="com.DollarDays.testCases.LoginDataDriverTest">
    <failure type="org.openqa.selenium.NoSuchSessionException" message="Tried to run command without establishing a connection
Build info: version: &amp;apos;3.141.59&amp;apos;, revision: &amp;apos;e82be7d358&amp;apos;, time: &amp;apos;2018-11-14T08:17:03&amp;apos;
System info: host: &amp;apos;NAGENDRA-YOGA&amp;apos;, ip: &amp;apos;192.168.1.9&amp;apos;, os.name: &amp;apos;Windows 10&amp;apos;, os.arch: &amp;apos;amd64&amp;apos;, os.version: &amp;apos;10.0&amp;apos;, java.version: &amp;apos;1.8.0_291&amp;apos;
Driver info: org.openqa.selenium.firefox.FirefoxDriver
Capabilities {acceptInsecureCerts: true, browserName: firefox, browserVersion: 89.0.2, javascriptEnabled: true, moz:accessibilityChecks: false, moz:buildID: 20210622155641, moz:geckodriverVersion: 0.29.0, moz:headless: false, moz:processID: 18000, moz:profile: C:\Users\madhu\AppData\Loca..., moz:shutdownTimeout: 60000, moz:useNonSpecCompliantPointerOrigin: false, moz:webdriverClick: true, pageLoadStrategy: normal, platform: WINDOWS, platformName: WINDOWS, platformVersion: 10.0, setWindowRect: true, strictFileInteractability: false, timeouts: {implicit: 0, pageLoad: 300000, script: 30000}, unhandledPromptBehavior: dismiss and notify}
Session ID: d62ec982-e6f3-4e7b-b02e-f0882172ebe8">
      <![CDATA[org.openqa.selenium.NoSuchSessionException: Tried to run command without establishing a connection
Build info: version: '3.141.59', revision: 'e82be7d358', time: '2018-11-14T08:17:03'
System info: host: 'NAGENDRA-YOGA', ip: '192.168.1.9', os.name: 'Windows 10', os.arch: 'amd64', os.version: '10.0', java.version: '1.8.0_291'
Driver info: org.openqa.selenium.firefox.FirefoxDriver
Capabilities {acceptInsecureCerts: true, browserName: firefox, browserVersion: 89.0.2, javascriptEnabled: true, moz:accessibilityChecks: false, moz:buildID: 20210622155641, moz:geckodriverVersion: 0.29.0, moz:headless: false, moz:processID: 18000, moz:profile: C:\Users\madhu\AppData\Loca..., moz:shutdownTimeout: 60000, moz:useNonSpecCompliantPointerOrigin: false, moz:webdriverClick: true, pageLoadStrategy: normal, platform: WINDOWS, platformName: WINDOWS, platformVersion: 10.0, setWindowRect: true, strictFileInteractability: false, timeouts: {implicit: 0, pageLoad: 300000, script: 30000}, unhandledPromptBehavior: dismiss and notify}
Session ID: d62ec982-e6f3-4e7b-b02e-f0882172ebe8
at org.openqa.selenium.remote.http.W3CHttpResponseCodec.createException(W3CHttpResponseCodec.java:187)
at org.openqa.selenium.remote.http.W3CHttpResponseCodec.decode(W3CHttpResponseCodec.java:122)
at org.openqa.selenium.remote.http.W3CHttpResponseCodec.decode(W3CHttpResponseCodec.java:49)
at org.openqa.selenium.remote.HttpCommandExecutor.execute(HttpCommandExecutor.java:158)
at org.openqa.selenium.remote.service.DriverCommandExecutor.execute(DriverCommandExecutor.java:83)
at org.openqa.selenium.remote.RemoteWebDriver.execute(RemoteWebDriver.java:552)
at org.openqa.selenium.remote.RemoteWebDriver.execute(RemoteWebDriver.java:609)
at org.openqa.selenium.remote.RemoteWebDriver.close(RemoteWebDriver.java:442)
at com.DollarDays.testCases.LoginDataDriverTest.teardown(LoginDataDriverTest.java:34)
at java.util.concurrent.FutureTask.run(Unknown Source)
at java.util.concurrent.ThreadPoolExecutor.runWorker(Unknown Source)
at java.util.concurrent.ThreadPoolExecutor$Worker.run(Unknown Source)
at java.lang.Thread.run(Unknown Source)
... Removed 21 stack frames]]>
    </failure>
  </testcase> <!-- @AfterClass teardown -->
  <testcase name="TC_loginDDT" time="19.604" classname="com.DollarDays.testCases.LoginDataDriverTest">
    <failure type="java.lang.AssertionError" message="Could not sign in to DollarDays with valid user team6testing@gmail.com and valid password password123. TestCase Failed. expected [true] but found [false]">
      <![CDATA[java.lang.AssertionError: Could not sign in to DollarDays with valid user team6testing@gmail.com and valid password password123. TestCase Failed. expected [true] but found [false]
at com.DollarDays.testCases.LoginDataDriverTest.TC_loginDDT(LoginDataDriverTest.java:80)
at java.util.concurrent.FutureTask.run(Unknown Source)
at java.util.concurrent.ThreadPoolExecutor.runWorker(Unknown Source)
at java.util.concurrent.ThreadPoolExecutor$Worker.run(Unknown Source)
at java.lang.Thread.run(Unknown Source)
... Removed 19 stack frames]]>
    </failure>
  </testcase> <!-- TC_loginDDT -->
  <testcase name="TC_loginDDT" time="61.709" classname="com.DollarDays.testCases.LoginDataDriverTest">
    <failure type="java.lang.AssertionError" message="Could not sign in to DollarDays with valid user user123@gmail.com and valid password pwd2. TestCase Failed. expected [true] but found [false]">
      <![CDATA[java.lang.AssertionError: Could not sign in to DollarDays with valid user user123@gmail.com and valid password pwd2. TestCase Failed. expected [true] but found [false]
at com.DollarDays.testCases.LoginDataDriverTest.TC_loginDDT(LoginDataDriverTest.java:71)
at java.util.concurrent.FutureTask.run(Unknown Source)
at java.util.concurrent.ThreadPoolExecutor.runWorker(Unknown Source)
at java.util.concurrent.ThreadPoolExecutor$Worker.run(Unknown Source)
at java.lang.Thread.run(Unknown Source)
... Removed 21 stack frames]]>
    </failure>
  </testcase> <!-- TC_loginDDT -->
  <testcase name="TC_loginDDT" time="248.136" classname="com.DollarDays.testCases.LoginDataDriverTest"/>
  <testcase name="TC_loginDDT" time="245.531" classname="com.DollarDays.testCases.LoginDataDriverTest"/>
  <testcase name="TC_loginDDT" time="194.329" classname="com.DollarDays.testCases.LoginDataDriverTest">
    <failure type="org.openqa.selenium.NoSuchWindowException" message="Browsing context has been discarded
Build info: version: &amp;apos;3.141.59&amp;apos;, revision: &amp;apos;e82be7d358&amp;apos;, time: &amp;apos;2018-11-14T08:17:03&amp;apos;
System info: host: &amp;apos;NAGENDRA-YOGA&amp;apos;, ip: &amp;apos;192.168.1.9&amp;apos;, os.name: &amp;apos;Windows 10&amp;apos;, os.arch: &amp;apos;amd64&amp;apos;, os.version: &amp;apos;10.0&amp;apos;, java.version: &amp;apos;1.8.0_291&amp;apos;
Driver info: org.openqa.selenium.firefox.FirefoxDriver
Capabilities {acceptInsecureCerts: true, browserName: firefox, browserVersion: 89.0.2, javascriptEnabled: true, moz:accessibilityChecks: false, moz:buildID: 20210622155641, moz:geckodriverVersion: 0.29.0, moz:headless: false, moz:processID: 18000, moz:profile: C:\Users\madhu\AppData\Loca..., moz:shutdownTimeout: 60000, moz:useNonSpecCompliantPointerOrigin: false, moz:webdriverClick: true, pageLoadStrategy: normal, platform: WINDOWS, platformName: WINDOWS, platformVersion: 10.0, setWindowRect: true, strictFileInteractability: false, timeouts: {implicit: 0, pageLoad: 300000, script: 30000}, unhandledPromptBehavior: dismiss and notify}
Session ID: d62ec982-e6f3-4e7b-b02e-f0882172ebe8
*** Element info: {Using=xpath, value=//*[@id=&amp;quot;aspnetForm&amp;quot;]/div[5]/div/div/div/div[2]/div/div[1]/div/div/div[4]/button}">
      <![CDATA[org.openqa.selenium.NoSuchWindowException: Browsing context has been discarded
Build info: version: '3.141.59', revision: 'e82be7d358', time: '2018-11-14T08:17:03'
System info: host: 'NAGENDRA-YOGA', ip: '192.168.1.9', os.name: 'Windows 10', os.arch: 'amd64', os.version: '10.0', java.version: '1.8.0_291'
Driver info: org.openqa.selenium.firefox.FirefoxDriver
Capabilities {acceptInsecureCerts: true, browserName: firefox, browserVersion: 89.0.2, javascriptEnabled: true, moz:accessibilityChecks: false, moz:buildID: 20210622155641, moz:geckodriverVersion: 0.29.0, moz:headless: false, moz:processID: 18000, moz:profile: C:\Users\madhu\AppData\Loca..., moz:shutdownTimeout: 60000, moz:useNonSpecCompliantPointerOrigin: false, moz:webdriverClick: true, pageLoadStrategy: normal, platform: WINDOWS, platformName: WINDOWS, platformVersion: 10.0, setWindowRect: true, strictFileInteractability: false, timeouts: {implicit: 0, pageLoad: 300000, script: 30000}, unhandledPromptBehavior: dismiss and notify}
Session ID: d62ec982-e6f3-4e7b-b02e-f0882172ebe8
*** Element info: {Using=xpath, value=//*[@id="aspnetForm"]/div[5]/div/div/div/div[2]/div/div[1]/div/div/div[4]/button}
at org.openqa.selenium.remote.http.W3CHttpResponseCodec.createException(W3CHttpResponseCodec.java:187)
at org.openqa.selenium.remote.http.W3CHttpResponseCodec.decode(W3CHttpResponseCodec.java:122)
at org.openqa.selenium.remote.http.W3CHttpResponseCodec.decode(W3CHttpResponseCodec.java:49)
at org.openqa.selenium.remote.HttpCommandExecutor.execute(HttpCommandExecutor.java:158)
at org.openqa.selenium.remote.service.DriverCommandExecutor.execute(DriverCommandExecutor.java:83)
at org.openqa.selenium.remote.RemoteWebDriver.execute(RemoteWebDriver.java:552)
at org.openqa.selenium.remote.RemoteWebDriver.findElement(RemoteWebDriver.java:323)
at org.openqa.selenium.remote.RemoteWebDriver.findElementByXPath(RemoteWebDriver.java:428)
at org.openqa.selenium.By$ByXPath.findElement(By.java:353)
at org.openqa.selenium.remote.RemoteWebDriver.findElement(RemoteWebDriver.java:315)
at org.openqa.selenium.support.pagefactory.DefaultElementLocator.findElement(DefaultElementLocator.java:69)
at org.openqa.selenium.support.pagefactory.internal.LocatingElementHandler.invoke(LocatingElementHandler.java:38)
at com.sun.proxy.$Proxy26.toString(Unknown Source)
at com.DollarDays.utilities.ElementUtils.isElementDisplayed(ElementUtils.java:35)
at com.DollarDays.utilities.ElementUtils.isElementClickable(ElementUtils.java:47)
at com.DollarDays.utilities.ElementUtils.performElementClickReturn(ElementUtils.java:76)
at com.DollarDays.pageObjects.LoginPage.clickSignInBtn(LoginPage.java:83)
at com.DollarDays.testCases.LoginDataDriverTest.TC_loginDDT(LoginDataDriverTest.java:62)
at java.util.concurrent.FutureTask.run(Unknown Source)
at java.util.concurrent.ThreadPoolExecutor.runWorker(Unknown Source)
at java.util.concurrent.ThreadPoolExecutor$Worker.run(Unknown Source)
at java.lang.Thread.run(Unknown Source)
... Removed 20 stack frames]]>
    </failure>
  </testcase> <!-- TC_loginDDT -->
  <testcase name="TC_loginDDT" time="784.466" classname="com.DollarDays.testCases.LoginDataDriverTest">
    <failure type="org.openqa.selenium.WebDriverException" message="Failed to decode response from marionette
Build info: version: &amp;apos;3.141.59&amp;apos;, revision: &amp;apos;e82be7d358&amp;apos;, time: &amp;apos;2018-11-14T08:17:03&amp;apos;
System info: host: &amp;apos;NAGENDRA-YOGA&amp;apos;, ip: &amp;apos;192.168.1.9&amp;apos;, os.name: &amp;apos;Windows 10&amp;apos;, os.arch: &amp;apos;amd64&amp;apos;, os.version: &amp;apos;10.0&amp;apos;, java.version: &amp;apos;1.8.0_291&amp;apos;
Driver info: org.openqa.selenium.firefox.FirefoxDriver
Capabilities {acceptInsecureCerts: true, browserName: firefox, browserVersion: 89.0.2, javascriptEnabled: true, moz:accessibilityChecks: false, moz:buildID: 20210622155641, moz:geckodriverVersion: 0.29.0, moz:headless: false, moz:processID: 18000, moz:profile: C:\Users\madhu\AppData\Loca..., moz:shutdownTimeout: 60000, moz:useNonSpecCompliantPointerOrigin: false, moz:webdriverClick: true, pageLoadStrategy: normal, platform: WINDOWS, platformName: WINDOWS, platformVersion: 10.0, setWindowRect: true, strictFileInteractability: false, timeouts: {implicit: 0, pageLoad: 300000, script: 30000}, unhandledPromptBehavior: dismiss and notify}
Session ID: d62ec982-e6f3-4e7b-b02e-f0882172ebe8">
      <![CDATA[org.openqa.selenium.WebDriverException: Failed to decode response from marionette
Build info: version: '3.141.59', revision: 'e82be7d358', time: '2018-11-14T08:17:03'
System info: host: 'NAGENDRA-YOGA', ip: '192.168.1.9', os.name: 'Windows 10', os.arch: 'amd64', os.version: '10.0', java.version: '1.8.0_291'
Driver info: org.openqa.selenium.firefox.FirefoxDriver
Capabilities {acceptInsecureCerts: true, browserName: firefox, browserVersion: 89.0.2, javascriptEnabled: true, moz:accessibilityChecks: false, moz:buildID: 20210622155641, moz:geckodriverVersion: 0.29.0, moz:headless: false, moz:processID: 18000, moz:profile: C:\Users\madhu\AppData\Loca..., moz:shutdownTimeout: 60000, moz:useNonSpecCompliantPointerOrigin: false, moz:webdriverClick: true, pageLoadStrategy: normal, platform: WINDOWS, platformName: WINDOWS, platformVersion: 10.0, setWindowRect: true, strictFileInteractability: false, timeouts: {implicit: 0, pageLoad: 300000, script: 30000}, unhandledPromptBehavior: dismiss and notify}
Session ID: d62ec982-e6f3-4e7b-b02e-f0882172ebe8
at org.openqa.selenium.remote.http.W3CHttpResponseCodec.createException(W3CHttpResponseCodec.java:187)
at org.openqa.selenium.remote.http.W3CHttpResponseCodec.decode(W3CHttpResponseCodec.java:122)
at org.openqa.selenium.remote.http.W3CHttpResponseCodec.decode(W3CHttpResponseCodec.java:49)
at org.openqa.selenium.remote.HttpCommandExecutor.execute(HttpCommandExecutor.java:158)
at org.openqa.selenium.remote.service.DriverCommandExecutor.execute(DriverCommandExecutor.java:83)
at org.openqa.selenium.remote.RemoteWebDriver.execute(RemoteWebDriver.java:552)
at org.openqa.selenium.remote.RemoteWebDriver.execute(RemoteWebDriver.java:609)
at org.openqa.selenium.remote.RemoteWebDriver.getScreenshotAs(RemoteWebDriver.java:295)
at com.DollarDays.utilities.ScreenshotUtils.getScreenShot(ScreenshotUtils.java:27)
at com.DollarDays.listeners.Listeners.onTestFailure(Listeners.java:72)
at java.util.concurrent.FutureTask.run(Unknown Source)
at java.util.concurrent.ThreadPoolExecutor.runWorker(Unknown Source)
at java.util.concurrent.ThreadPoolExecutor$Worker.run(Unknown Source)
at java.lang.Thread.run(Unknown Source)
... Removed 17 stack frames]]>
    </failure>
  </testcase> <!-- TC_loginDDT -->
</testsuite> <!-- Validating User login datadriven -->
