<?xml version="1.0" encoding="UTF-8"?>
<!-- Generated by org.testng.reporters.JUnitXMLReporter -->
<testsuite hostname="Nagendra-Yoga" ignored="0" name="Validating homePage After User is Signed in " tests="4" failures="1" timestamp="13 Aug 2021 23:23:43 GMT" time="19.656" errors="0">
  <testcase name="TC_Login" time="9.487" classname="com.DollarDays.testCases.HomePageAfterSigninTest">
    <failure type="java.lang.AssertionError" message="Could not Login to Dollardays.Testcase failed. expected [true] but found [false]">
      <![CDATA[java.lang.AssertionError: Could not Login to Dollardays.Testcase failed. expected [true] but found [false]
at com.DollarDays.testCases.HomePageAfterSigninTest.TC_Login(HomePageAfterSigninTest.java:48)
at java.util.concurrent.FutureTask.run(Unknown Source)
at java.util.concurrent.ThreadPoolExecutor.runWorker(Unknown Source)
at java.util.concurrent.ThreadPoolExecutor$Worker.run(Unknown Source)
at java.lang.Thread.run(Unknown Source)
... Removed 21 stack frames]]>
    </failure>
  </testcase> <!-- TC_Login -->
  <testcase name="TC_verifyUserHomePageTitle" time="0.0" classname="com.DollarDays.testCases.HomePageAfterSigninTest">
    <skipped/>
  </testcase> <!-- TC_verifyUserHomePageTitle -->
  <testcase name="TC_CheckUserDropDownList" time="0.0" classname="com.DollarDays.testCases.HomePageAfterSigninTest">
    <skipped/>
  </testcase> <!-- TC_CheckUserDropDownList -->
  <testcase name="TC_verifyUserDropDownUrl" time="0.0" classname="com.DollarDays.testCases.HomePageAfterSigninTest">
    <skipped/>
  </testcase> <!-- TC_verifyUserDropDownUrl -->
</testsuite> <!-- Validating homePage After User is Signed in  -->
