<?xml version="1.0" encoding="UTF-8"?>
<!-- Generated by org.testng.reporters.JUnitXMLReporter -->
<testsuite hostname="Nagendra-Yoga" ignored="0" name="Validating AddressBookPage " tests="27" failures="1" timestamp="13 Aug 2021 23:15:23 GMT" time="171.784" errors="0">
  <testcase name="TC_verifyAddressBookPageTitle" time="0.094" classname="com.DollarDays.testCases.AddressBookPageTest"/>
  <testcase name="TC_verifyAddressBookPageHeading" time="0.054" classname="com.DollarDays.testCases.AddressBookPageTest"/>
  <testcase name="TC_verifyAddNewShipToAddressLinkDisplay" time="0.06" classname="com.DollarDays.testCases.AddressBookPageTest"/>
  <testcase name="TC_verifyAddressBookLeftPanelLinksDisplay" time="0.605" classname="com.DollarDays.testCases.AddressBookPageTest"/>
  <testcase name="TC_verifyAddressBookLinksNavigations" time="2.194" classname="com.DollarDays.testCases.AddressBookPageTest"/>
  <testcase name="TC_verifyAddressBookLinksNavigations" time="3.173" classname="com.DollarDays.testCases.AddressBookPageTest"/>
  <testcase name="TC_verifyAddressBookLinksNavigations" time="2.221" classname="com.DollarDays.testCases.AddressBookPageTest"/>
  <testcase name="TC_verifyAddressBookLinksNavigations" time="1.57" classname="com.DollarDays.testCases.AddressBookPageTest"/>
  <testcase name="TC_verifyAddressBookLinksNavigations" time="4.913" classname="com.DollarDays.testCases.AddressBookPageTest"/>
  <testcase name="TC_verifyAddressBookLinksNavigations" time="4.612" classname="com.DollarDays.testCases.AddressBookPageTest"/>
  <testcase name="TC_verifyAddressBookLinksNavigations" time="2.163" classname="com.DollarDays.testCases.AddressBookPageTest"/>
  <testcase name="TC_verifyAddressBookLinksNavigations" time="15.623" classname="com.DollarDays.testCases.AddressBookPageTest"/>
  <testcase name="TC_verifyAddNewShipToAddressLink" time="10.166" classname="com.DollarDays.testCases.AddressBookPageTest"/>
  <testcase name="TC_verifyEditLink" time="7.417" classname="com.DollarDays.testCases.AddressBookPageTest"/>
  <testcase name="TC_verifySetAsDefaultLink" time="5.733" classname="com.DollarDays.testCases.AddressBookPageTest">
    <failure type="java.lang.AssertionError" message="expected [true] but found [false]">
      <![CDATA[java.lang.AssertionError: expected [true] but found [false]
at com.DollarDays.testCases.AddressBookPageTest.TC_verifySetAsDefaultLink(AddressBookPageTest.java:338)
at java.util.concurrent.FutureTask.run(Unknown Source)
at java.util.concurrent.ThreadPoolExecutor.runWorker(Unknown Source)
at java.util.concurrent.ThreadPoolExecutor$Worker.run(Unknown Source)
at java.lang.Thread.run(Unknown Source)
... Removed 20 stack frames]]>
    </failure>
  </testcase> <!-- TC_verifySetAsDefaultLink -->
  <testcase name="TC_verifyDeleteLinkNoBtn" time="2.437" classname="com.DollarDays.testCases.AddressBookPageTest"/>
  <testcase name="TC_verifyDeleteLinkYesBtn" time="61.836" classname="com.DollarDays.testCases.AddressBookPageTest"/>
  <testcase name="TC_verifyCountryDropdownIsAList" time="1.964" classname="com.DollarDays.testCases.AddressBookPageTest"/>
  <testcase name="TC_verifyCountryDropdownDefaultValue" time="1.639" classname="com.DollarDays.testCases.AddressBookPageTest"/>
  <testcase name="TC_verifyStateDropdownOptions" time="0.661" classname="com.DollarDays.testCases.AddressBookPageTest"/>
  <testcase name="TC_verifyReceivTypeWithShippingDock" time="1.888" classname="com.DollarDays.testCases.AddressBookPageTest"/>
  <testcase name="TC_verifyReceivTypeWithoutShippingDock" time="1.879" classname="com.DollarDays.testCases.AddressBookPageTest"/>
  <testcase name="TC_verifyMandatoryFieldsAlertMsgDisplay" time="3.001" classname="com.DollarDays.testCases.AddressBookPageTest"/>
  <testcase name="TC_verifyFirstNameTextboxMaxLength" time="0.328" classname="com.DollarDays.testCases.AddressBookPageTest"/>
  <testcase name="TC_verifyLastNameTextboxMaxlength" time="0.465" classname="com.DollarDays.testCases.AddressBookPageTest"/>
  <testcase name="TC_verifyStreetAddressTextbox" time="1.758" classname="com.DollarDays.testCases.AddressBookPageTest"/>
  <testcase name="TC_verifyAptStebldgTextbox" time="1.708" classname="com.DollarDays.testCases.AddressBookPageTest"/>
</testsuite> <!-- Validating AddressBookPage  -->
