<?xml version="1.0" encoding="UTF-8"?>
<testng-results skipped="0" failed="0" ignored="0" total="2" passed="2">
  <reporter-output>
  </reporter-output>
  <suite name="Default suite" duration-ms="25009" started-at="2021-06-10T21:00:38Z" finished-at="2021-06-10T21:01:03Z">
    <groups>
    </groups>
    <test name="Default test" duration-ms="25009" started-at="2021-06-10T21:00:38Z" finished-at="2021-06-10T21:01:03Z">
      <class name="Academy.HomePage">
        <test-method status="PASS" signature="initialize()[pri:0, instance:Academy.HomePage@6572421]" name="initialize" is-config="true" duration-ms="3046" started-at="2021-06-10T21:00:38Z" finished-at="2021-06-10T21:00:41Z">
          <reporter-output>
          </reporter-output>
        </test-method> <!-- initialize -->
        <test-method status="PASS" signature="basePageNavigation(java.lang.String, java.lang.String, java.lang.String)[pri:0, instance:Academy.HomePage@6572421]" name="basePageNavigation" duration-ms="14663" started-at="2021-06-10T21:00:41Z" data-provider="getData" finished-at="2021-06-10T21:00:56Z">
          <params>
            <param index="0">
              <value>
                <![CDATA[nonrestricteduser@qw.com]]>
              </value>
            </param>
            <param index="1">
              <value>
                <![CDATA[123456]]>
              </value>
            </param>
            <param index="2">
              <value>
                <![CDATA[Restrcited User]]>
              </value>
            </param>
          </params>
          <reporter-output>
          </reporter-output>
        </test-method> <!-- basePageNavigation -->
        <test-method status="PASS" signature="basePageNavigation(java.lang.String, java.lang.String, java.lang.String)[pri:0, instance:Academy.HomePage@6572421]" name="basePageNavigation" duration-ms="5103" started-at="2021-06-10T21:00:56Z" data-provider="getData" finished-at="2021-06-10T21:01:01Z">
          <params>
            <param index="0">
              <value>
                <![CDATA[restricteduser@qw.com]]>
              </value>
            </param>
            <param index="1">
              <value>
                <![CDATA[456788]]>
              </value>
            </param>
            <param index="2">
              <value>
                <![CDATA[Non restricted user]]>
              </value>
            </param>
          </params>
          <reporter-output>
          </reporter-output>
        </test-method> <!-- basePageNavigation -->
        <test-method status="PASS" signature="teardown()[pri:0, instance:Academy.HomePage@6572421]" name="teardown" is-config="true" duration-ms="2130" started-at="2021-06-10T21:01:01Z" finished-at="2021-06-10T21:01:03Z">
          <reporter-output>
          </reporter-output>
        </test-method> <!-- teardown -->
      </class> <!-- Academy.HomePage -->
    </test> <!-- Default test -->
  </suite> <!-- Default suite -->
</testng-results>
